c:\users\kimman\desktop\ctdl_th_lop\ctdl\bublesort\debug\vc142.pdb
c:\users\kimman\desktop\ctdl_th_lop\ctdl\bublesort\debug\vc142.idb
c:\users\kimman\desktop\ctdl_th_lop\ctdl\bublesort\debug\insertsort.obj
c:\users\kimman\desktop\ctdl_th_lop\ctdl\bublesort\debug\bubblesort.obj
c:\users\kimman\desktop\ctdl_th_lop\ctdl\debug\bublesort.exe
c:\users\kimman\desktop\ctdl_th_lop\ctdl\debug\bublesort.ilk
c:\users\kimman\desktop\ctdl_th_lop\ctdl\debug\bublesort.pdb
c:\users\kimman\desktop\gitclone_ctdl\ctdl\ctdl\bublesort\debug\bubblesort.obj
c:\users\kimman\desktop\gitclone_ctdl\ctdl\ctdl\bublesort\debug\insertsort.obj
c:\users\kimman\desktop\gitclone_ctdl\ctdl\ctdl\bublesort\debug\vc142.idb
c:\users\kimman\desktop\gitclone_ctdl\ctdl\ctdl\bublesort\debug\vc142.pdb
c:\users\kimman\desktop\gitclone_ctdl\ctdl\ctdl\debug\bublesort.pdb
c:\users\kimman\desktop\gitclone_ctdl\ctdl\ctdl\debug\bublesort.exe
c:\users\kimman\desktop\gitclone_ctdl\ctdl\ctdl\debug\bublesort.ilk
c:\users\kimman\desktop\gitclone_ctdl\ctdl\ctdl\bublesort\debug\bublesort.tlog\cl.command.1.tlog
c:\users\kimman\desktop\gitclone_ctdl\ctdl\ctdl\bublesort\debug\bublesort.tlog\cl.read.1.tlog
c:\users\kimman\desktop\gitclone_ctdl\ctdl\ctdl\bublesort\debug\bublesort.tlog\cl.write.1.tlog
c:\users\kimman\desktop\gitclone_ctdl\ctdl\ctdl\bublesort\debug\bublesort.tlog\link.command.1.tlog
c:\users\kimman\desktop\gitclone_ctdl\ctdl\ctdl\bublesort\debug\bublesort.tlog\link.read.1.tlog
c:\users\kimman\desktop\gitclone_ctdl\ctdl\ctdl\bublesort\debug\bublesort.tlog\link.write.1.tlog
