Build started 05/08/2019 3:08:29 PM.
     1>Project "C:\Users\Admin\Desktop\clone\BSTRee\BSTRee\BSTRee.vcxproj" on node 2 (build target(s)).
     1>InitializeBuildStatus:
         Creating "Debug\BSTRee.unsuccessfulbuild" because "AlwaysCreate" was specified.
       ClCompile:
         C:\Program Files (x86)\Microsoft Visual Studio 10.0\VC\bin\CL.exe /c /Zi /nologo /W3 /WX- /Od /Oy- /D _MBCS /Gm /EHsc /RTC1 /MDd /GS /fp:precise /Zc:wchar_t /Zc:forScope /Fo"Debug\\" /Fd"Debug\vc100.pdb" /Gd /TP /analyze- /errorReport:prompt BSTree.cpp
         BSTree.cpp
     1>c:\users\admin\desktop\clone\bstree\bstree\bstree.cpp(151): warning C4715: 'deleteNode' : not all control paths return a value
       Link:
         C:\Program Files (x86)\Microsoft Visual Studio 10.0\VC\bin\link.exe /ERRORREPORT:PROMPT /OUT:"C:\Users\Admin\Desktop\clone\BSTRee\Debug\BSTRee.exe" /NOLOGO kernel32.lib user32.lib gdi32.lib winspool.lib comdlg32.lib advapi32.lib shell32.lib ole32.lib oleaut32.lib uuid.lib odbc32.lib odbccp32.lib /MANIFEST /ManifestFile:"Debug\BSTRee.exe.intermediate.manifest" /MANIFESTUAC:"level='asInvoker' uiAccess='false'" /DEBUG /PDB:"C:\Users\Admin\Desktop\clone\BSTRee\Debug\BSTRee.pdb" /TLBID:1 /DYNAMICBASE /NXCOMPAT /IMPLIB:"C:\Users\Admin\Desktop\clone\BSTRee\Debug\BSTRee.lib" /MACHINE:X86 Debug\BSTree.obj
         LINK : C:\Users\Admin\Desktop\clone\BSTRee\Debug\BSTRee.exe not found or not built by the last incremental link; performing full link
         BSTRee.vcxproj -> C:\Users\Admin\Desktop\clone\BSTRee\Debug\BSTRee.exe
       Manifest:
         C:\Program Files (x86)\Microsoft SDKs\Windows\v7.0A\bin\mt.exe /nologo /verbose /outputresource:"C:\Users\Admin\Desktop\clone\BSTRee\Debug\BSTRee.exe;#1" /manifest Debug\BSTRee.exe.intermediate.manifest
       FinalizeBuildStatus:
         Deleting file "Debug\BSTRee.unsuccessfulbuild".
         Touching "Debug\BSTRee.lastbuildstate".
     1>Done Building Project "C:\Users\Admin\Desktop\clone\BSTRee\BSTRee\BSTRee.vcxproj" (build target(s)).

Build succeeded.

Time Elapsed 00:00:01.02
