c:\users\admin\desktop\ctdl\ctdl\ctdl\debug\dslk.obj
c:\users\admin\desktop\ctdl\ctdl\ctdl\debug\vc100.pdb
c:\users\admin\desktop\ctdl\ctdl\debug\ctdl.ilk
c:\users\admin\desktop\ctdl\ctdl\debug\ctdl.exe
c:\users\admin\desktop\ctdl\ctdl\ctdl\debug\ctdl.exe.intermediate.manifest
c:\users\admin\desktop\ctdl\ctdl\debug\ctdl.pdb
c:\users\kimman\desktop\ctdl_th_lop\ctdl\ctdl\debug\vc142.pdb
c:\users\kimman\desktop\ctdl_th_lop\ctdl\ctdl\debug\vc142.idb
c:\users\kimman\desktop\ctdl_th_lop\ctdl\ctdl\debug\1551010070_vohoangkimman.obj
c:\users\kimman\desktop\ctdl_th_lop\ctdl\debug\ctdl.exe
c:\users\kimman\desktop\ctdl_th_lop\ctdl\debug\ctdl.ilk
c:\users\kimman\desktop\ctdl_th_lop\ctdl\debug\ctdl.pdb
c:\users\kimman\desktop\ctdl_th_lop\ctdl\ctdl\debug\dslk.obj
c:\users\kimman\desktop\ctdl_th_lop\ctdl\ctdl\debug\cl.command.1.tlog
c:\users\kimman\desktop\ctdl_th_lop\ctdl\ctdl\debug\cl.read.1.tlog
c:\users\kimman\desktop\ctdl_th_lop\ctdl\ctdl\debug\cl.write.1.tlog
c:\users\kimman\desktop\ctdl_th_lop\ctdl\ctdl\debug\link.command.1.tlog
c:\users\kimman\desktop\ctdl_th_lop\ctdl\ctdl\debug\link.read.1.tlog
c:\users\kimman\desktop\ctdl_th_lop\ctdl\ctdl\debug\link.write.1.tlog
c:\users\kimman\desktop\ctdl_th_lop\ctdl\ctdl\debug\mt.command.1.tlog
c:\users\kimman\desktop\ctdl_th_lop\ctdl\ctdl\debug\mt.read.1.tlog
c:\users\kimman\desktop\ctdl_th_lop\ctdl\ctdl\debug\mt.write.1.tlog
c:\users\kimman\desktop\ctdl_th_lop\ctdl\ctdl\debug\vc100.idb
c:\users\kimman\desktop\ctdl_th_lop\ctdl\ctdl\debug\vc100.pdb
c:\users\kimman\desktop\ctdl_th_lop\ctdl\ctdl\debug\ctdl.exe.intermediate.manifest.xml
c:\users\kimman\desktop\ctdl_th_lop\ctdl\ctdl\debug\ctdl.tlog\cl.command.1.tlog
c:\users\kimman\desktop\ctdl_th_lop\ctdl\ctdl\debug\ctdl.tlog\cl.read.1.tlog
c:\users\kimman\desktop\ctdl_th_lop\ctdl\ctdl\debug\ctdl.tlog\cl.write.1.tlog
c:\users\kimman\desktop\ctdl_th_lop\ctdl\ctdl\debug\ctdl.tlog\link.command.1.tlog
c:\users\kimman\desktop\ctdl_th_lop\ctdl\ctdl\debug\ctdl.tlog\link.delete.1.tlog
c:\users\kimman\desktop\ctdl_th_lop\ctdl\ctdl\debug\ctdl.tlog\link.read.1.tlog
c:\users\kimman\desktop\ctdl_th_lop\ctdl\ctdl\debug\ctdl.tlog\link.write.1.tlog
